<?xml version="1.0" encoding="UTF-8"?>
<!-- Generated by org.testng.reporters.JUnitReportReporter -->
<testsuite name="ITestListeners.TestCase" tests="1" time="21.690" ignored="0" failures="0" timestamp="24 Aug 2021 09:10:32 GMT" skipped="0" hostname="LP-5CD73107R8" errors="0">
  <testcase name="Login" time="21.690" classname="ITestListeners.TestCase"/>
</testsuite> <!-- ITestListeners.TestCase -->
