<?xml version="1.0" encoding="UTF-8"?>
<!-- Generated by org.testng.reporters.JUnitReportReporter -->
<testsuite name="Runner.Run1" tests="2" time="18.277" ignored="0" failures="0" timestamp="20 Aug 2021 12:47:28 GMT" skipped="0" hostname="LP-5CD73107R8" errors="0">
  <testcase name="runScenario" time="13.903" classname="Runner.Run1"/>
  <testcase name="runScenario" time="4.374" classname="Runner.Run1"/>
</testsuite> <!-- Runner.Run1 -->
